[03-Jun-2025 23:53:22 Europe/Berlin] File not found: uploads/manuscript_683ef53c8d25e8.15366639.docx
[03-Jun-2025 23:54:34 Europe/Berlin] File not found: uploads/manuscript_683ef53c8d25e8.15366639.docx
[03-Jun-2025 23:54:34 Europe/Berlin] File not found: uploads/manuscript_683ef53c8d25e8.15366639.docx
[03-Jun-2025 23:54:35 Europe/Berlin] File not found: uploads/manuscript_683ef53c8d25e8.15366639.docx
[03-Jun-2025 23:54:35 Europe/Berlin] File not found: uploads/manuscript_683ef53c8d25e8.15366639.docx
[03-Jun-2025 23:54:42 Europe/Berlin] File not found: uploads/manuscript_683ef53c8d25e8.15366639.docx
[03-Jun-2025 23:54:53 Europe/Berlin] File not found: uploads/manuscript_683ef53c8d25e8.15366639.docx
[03-Jun-2025 23:57:21 Europe/Berlin] File not found: uploads/manuscript_683ef53c8d25e8.15366639.docx
[03-Jun-2025 23:57:21 Europe/Berlin] File not found: uploads/manuscript_683ef53c8d25e8.15366639.docx
[03-Jun-2025 23:57:22 Europe/Berlin] File not found: uploads/manuscript_683ef53c8d25e8.15366639.docx
[03-Jun-2025 23:57:22 Europe/Berlin] File not found: uploads/manuscript_683ef53c8d25e8.15366639.docx
[03-Jun-2025 23:57:22 Europe/Berlin] File not found: uploads/manuscript_683ef53c8d25e8.15366639.docx
[03-Jun-2025 23:57:22 Europe/Berlin] File not found: uploads/manuscript_683ef53c8d25e8.15366639.docx
[03-Jun-2025 23:57:23 Europe/Berlin] File not found: uploads/manuscript_683ef53c8d25e8.15366639.docx
[03-Jun-2025 23:57:23 Europe/Berlin] File not found: uploads/manuscript_683ef53c8d25e8.15366639.docx
[03-Jun-2025 23:57:23 Europe/Berlin] File not found: uploads/manuscript_683ef53c8d25e8.15366639.docx
[03-Jun-2025 23:57:23 Europe/Berlin] File not found: uploads/manuscript_683ef53c8d25e8.15366639.docx
[03-Jun-2025 23:57:24 Europe/Berlin] File not found: uploads/manuscript_683ef53c8d25e8.15366639.docx
[03-Jun-2025 23:57:30 Europe/Berlin] File not found: uploads/manuscript_683ef53c8d25e8.15366639.docx
[03-Jun-2025 23:57:31 Europe/Berlin] File not found: uploads/manuscript_683ef53c8d25e8.15366639.docx
[03-Jun-2025 23:57:31 Europe/Berlin] File not found: uploads/manuscript_683ef53c8d25e8.15366639.docx
[03-Jun-2025 23:57:31 Europe/Berlin] File not found: uploads/manuscript_683ef53c8d25e8.15366639.docx
[03-Jun-2025 23:57:40 Europe/Berlin] File not found: uploads/manuscript_683ef6ff06c711.09516330.docx
[03-Jun-2025 23:58:36 Europe/Berlin] File not found: uploads/manuscript_683ef6ff06c711.09516330.docx
[03-Jun-2025 23:58:36 Europe/Berlin] File not found: uploads/manuscript_683ef6ff06c711.09516330.docx
[03-Jun-2025 23:58:36 Europe/Berlin] File not found: uploads/manuscript_683ef6ff06c711.09516330.docx
[03-Jun-2025 23:58:37 Europe/Berlin] File not found: uploads/manuscript_683ef6ff06c711.09516330.docx
[03-Jun-2025 23:58:38 Europe/Berlin] File not found: uploads/manuscript_683ef6ff06c711.09516330.docx
[03-Jun-2025 23:58:43 Europe/Berlin] File not found: uploads/manuscript_683ef6ff06c711.09516330.docx
[03-Jun-2025 23:58:52 Europe/Berlin] File not found: uploads/manuscript_683ef6ff06c711.09516330.docx
[03-Jun-2025 23:59:00 Europe/Berlin] File not found: uploads/manuscript_683ef53c8d25e8.15366639.docx
[04-Jun-2025 00:02:30 Europe/Berlin] Invalid or missing file: uploads/manuscript_683ef53c8d25e8.15366639.docx
[04-Jun-2025 00:02:40 Europe/Berlin] Invalid or missing file: uploads/manuscript_683ef53c8d25e8.15366639.docx
[04-Jun-2025 00:07:35 Europe/Berlin] File path requested: uploads/manuscript_683ef53c8d25e8.15366639.docx
[04-Jun-2025 00:07:35 Europe/Berlin] Base path: 
[04-Jun-2025 00:07:35 Europe/Berlin] Absolute path: 
[04-Jun-2025 00:07:35 Europe/Berlin] Invalid or missing file: uploads/manuscript_683ef53c8d25e8.15366639.docx
[04-Jun-2025 00:11:17 Europe/Berlin] File path requested: uploads/manuscript_683ef53c8d25e8.15366639.docx
[04-Jun-2025 00:11:17 Europe/Berlin] Relative path: uploads/manuscript_683ef53c8d25e8.15366639.docx
[04-Jun-2025 00:11:17 Europe/Berlin] Base path: 
[04-Jun-2025 00:11:17 Europe/Berlin] Absolute path: 
[04-Jun-2025 00:11:17 Europe/Berlin] Invalid or missing file: uploads/manuscript_683ef53c8d25e8.15366639.docx
[04-Jun-2025 00:11:44 Europe/Berlin] File path requested: uploads/manuscript_683ef53c8d25e8.15366639.docx
[04-Jun-2025 00:11:44 Europe/Berlin] Relative path: uploads/manuscript_683ef53c8d25e8.15366639.docx
[04-Jun-2025 00:11:44 Europe/Berlin] Base path: 
[04-Jun-2025 00:11:44 Europe/Berlin] Absolute path: 
[04-Jun-2025 00:11:44 Europe/Berlin] Invalid or missing file: uploads/manuscript_683ef53c8d25e8.15366639.docx
[04-Jun-2025 00:19:43 Europe/Berlin] File path requested: uploads/manuscript_683ef53c8d25e8.15366639.docx
[04-Jun-2025 00:19:43 Europe/Berlin] Relative path: manuscript_683ef53c8d25e8.15366639.docx
[04-Jun-2025 00:19:43 Europe/Berlin] Base path: C:\xampp\htdocs\profms\public\uploads
[04-Jun-2025 00:19:43 Europe/Berlin] Absolute path: C:\xampp\htdocs\profms\public\uploads\manuscript_683ef53c8d25e8.15366639.docx
[04-Jun-2025 00:30:51 Europe/Berlin] PHP Fatal error:  Uncaught Error: mysqli object is already closed in C:\xampp\htdocs\profms\public\admin_dash\test.php:7
Stack trace:
#0 C:\xampp\htdocs\profms\public\admin_dash\test.php(7): mysqli->prepare('SELECT YEAR(sub...')
#1 {main}
  thrown in C:\xampp\htdocs\profms\public\admin_dash\test.php on line 7
[04-Jun-2025 00:31:25 Europe/Berlin] PHP Fatal error:  Uncaught Error: mysqli object is already closed in C:\xampp\htdocs\profms\public\admin_dash\test.php:7
Stack trace:
#0 C:\xampp\htdocs\profms\public\admin_dash\test.php(7): mysqli->prepare('SELECT YEAR(sub...')
#1 {main}
  thrown in C:\xampp\htdocs\profms\public\admin_dash\test.php on line 7
[04-Jun-2025 00:31:26 Europe/Berlin] PHP Fatal error:  Uncaught Error: mysqli object is already closed in C:\xampp\htdocs\profms\public\admin_dash\test.php:7
Stack trace:
#0 C:\xampp\htdocs\profms\public\admin_dash\test.php(7): mysqli->prepare('SELECT YEAR(sub...')
#1 {main}
  thrown in C:\xampp\htdocs\profms\public\admin_dash\test.php on line 7
[04-Jun-2025 00:31:26 Europe/Berlin] PHP Fatal error:  Uncaught Error: mysqli object is already closed in C:\xampp\htdocs\profms\public\admin_dash\test.php:7
Stack trace:
#0 C:\xampp\htdocs\profms\public\admin_dash\test.php(7): mysqli->prepare('SELECT YEAR(sub...')
#1 {main}
  thrown in C:\xampp\htdocs\profms\public\admin_dash\test.php on line 7
[04-Jun-2025 00:31:26 Europe/Berlin] PHP Fatal error:  Uncaught Error: mysqli object is already closed in C:\xampp\htdocs\profms\public\admin_dash\test.php:7
Stack trace:
#0 C:\xampp\htdocs\profms\public\admin_dash\test.php(7): mysqli->prepare('SELECT YEAR(sub...')
#1 {main}
  thrown in C:\xampp\htdocs\profms\public\admin_dash\test.php on line 7
[04-Jun-2025 00:31:27 Europe/Berlin] PHP Fatal error:  Uncaught Error: mysqli object is already closed in C:\xampp\htdocs\profms\public\admin_dash\test.php:7
Stack trace:
#0 C:\xampp\htdocs\profms\public\admin_dash\test.php(7): mysqli->prepare('SELECT YEAR(sub...')
#1 {main}
  thrown in C:\xampp\htdocs\profms\public\admin_dash\test.php on line 7
[04-Jun-2025 00:39:02 Europe/Berlin] PHP Warning:  require_once(C:\xampp\htdocs\profms\public\admin_dash\submission_trends.php): Failed to open stream: No such file or directory in C:\xampp\htdocs\profms\public\admin_dash\admin_dash.php on line 4
[04-Jun-2025 00:39:02 Europe/Berlin] PHP Fatal error:  Uncaught Error: Failed opening required 'submission_trends.php' (include_path='C:\xampp\php\PEAR') in C:\xampp\htdocs\profms\public\admin_dash\admin_dash.php:4
Stack trace:
#0 {main}
  thrown in C:\xampp\htdocs\profms\public\admin_dash\admin_dash.php on line 4
